2025-11-24 09:31:06 [info]: 🚀 Server is starting...
2025-11-24 09:31:06 [debug]: Executing (default): SELECT 1+1 AS result
2025-11-24 09:31:06 [info]: ✅ Database connection established successfully.
2025-11-24 09:31:06 [debug]: Executing (default): SELECT TABLE_NAME FROM INFORMATION_SCHEMA.TABLES WHERE TABLE_TYPE = 'BASE TABLE' AND TABLE_NAME = 'users' AND TABLE_SCHEMA = '4IW-nodejs'
2025-11-24 09:31:06 [debug]: Executing (default): SHOW FULL COLUMNS FROM `users`;
2025-11-24 09:31:06 [debug]: Executing (default): SELECT CONSTRAINT_NAME as constraint_name,CONSTRAINT_NAME as constraintName,CONSTRAINT_SCHEMA as constraintSchema,CONSTRAINT_SCHEMA as constraintCatalog,TABLE_NAME as tableName,TABLE_SCHEMA as tableSchema,TABLE_SCHEMA as tableCatalog,COLUMN_NAME as columnName,REFERENCED_TABLE_SCHEMA as referencedTableSchema,REFERENCED_TABLE_SCHEMA as referencedTableCatalog,REFERENCED_TABLE_NAME as referencedTableName,REFERENCED_COLUMN_NAME as referencedColumnName FROM INFORMATION_SCHEMA.KEY_COLUMN_USAGE where TABLE_NAME = 'users' AND CONSTRAINT_NAME!='PRIMARY' AND CONSTRAINT_SCHEMA='4IW-nodejs' AND REFERENCED_TABLE_NAME IS NOT NULL;
2025-11-24 09:31:06 [debug]: Executing (default): ALTER TABLE `users` ADD `username` VARCHAR(255) NOT NULL UNIQUE;
2025-11-24 09:31:07 [debug]: Executing (default): ALTER TABLE `users` ADD `passwordHash` VARCHAR(255) NOT NULL;
2025-11-24 09:31:07 [debug]: Executing (default): ALTER TABLE `users` ADD `role` ENUM('player', 'admin') NOT NULL DEFAULT 'player';
2025-11-24 09:31:07 [debug]: Executing (default): ALTER TABLE `users` ADD `avatar` VARCHAR(255);
2025-11-24 09:31:07 [debug]: Executing (default): ALTER TABLE `users` ADD `bio` TEXT;
2025-11-24 09:31:08 [debug]: Executing (default): ALTER TABLE `users` ADD `dateInscription` DATETIME NOT NULL;
2025-11-24 09:31:08 [error]: ❌ Unable to connect to the database: Incorrect datetime value: '0000-00-00 00:00:00' for column 'dateInscription' at row 1
2025-11-24 09:38:35 [info]: 🚀 Server is starting...
2025-11-24 09:38:35 [error]: ❌ Unable to connect to the database: Access denied for user 'pkrob'@'localhost' (using password: YES)
2025-11-24 09:41:29 [info]: 🚀 Server is starting...
2025-11-24 09:41:29 [debug]: Executing (default): SELECT 1+1 AS result
2025-11-24 09:41:29 [info]: ✅ Database connection established successfully.
2025-11-24 09:41:29 [debug]: Executing (default): SELECT TABLE_NAME FROM INFORMATION_SCHEMA.TABLES WHERE TABLE_TYPE = 'BASE TABLE' AND TABLE_NAME = 'users' AND TABLE_SCHEMA = 'MMORPG'
2025-11-24 09:41:29 [debug]: Executing (default): CREATE TABLE IF NOT EXISTS `users` (`id` INTEGER auto_increment , `username` VARCHAR(255) NOT NULL UNIQUE, `email` VARCHAR(255) NOT NULL UNIQUE, `passwordHash` VARCHAR(255) NOT NULL, `role` ENUM('player', 'admin') NOT NULL DEFAULT 'player', `avatar` VARCHAR(255), `bio` TEXT, `dateInscription` DATETIME NOT NULL, `updatedAt` DATETIME NOT NULL, PRIMARY KEY (`id`)) ENGINE=InnoDB;
2025-11-24 09:41:29 [debug]: Executing (default): SHOW INDEX FROM `users`
2025-11-24 09:41:29 [info]: ✅ Database synchronized successfully.
2025-11-24 09:41:29 [debug]: Executing (default): SELECT count(*) AS `count` FROM `users` AS `User`;
2025-11-24 09:41:29 [info]: Aucun utilisateur par défaut à créer
2025-11-24 09:41:29 [info]: 🚀 Server is running on port 3002
2025-11-24 10:33:32 [info]: 🚀 Server is starting...
2025-11-24 10:33:32 [debug]: Executing (default): SELECT 1+1 AS result
2025-11-24 10:33:32 [info]: ✅ Database connection established successfully.
2025-11-24 10:33:32 [debug]: Executing (default): SELECT TABLE_NAME FROM INFORMATION_SCHEMA.TABLES WHERE TABLE_TYPE = 'BASE TABLE' AND TABLE_NAME = 'users' AND TABLE_SCHEMA = 'MMORPG'
2025-11-24 10:33:32 [debug]: Executing (default): SHOW FULL COLUMNS FROM `users`;
2025-11-24 10:33:32 [debug]: Executing (default): SELECT CONSTRAINT_NAME as constraint_name,CONSTRAINT_NAME as constraintName,CONSTRAINT_SCHEMA as constraintSchema,CONSTRAINT_SCHEMA as constraintCatalog,TABLE_NAME as tableName,TABLE_SCHEMA as tableSchema,TABLE_SCHEMA as tableCatalog,COLUMN_NAME as columnName,REFERENCED_TABLE_SCHEMA as referencedTableSchema,REFERENCED_TABLE_SCHEMA as referencedTableCatalog,REFERENCED_TABLE_NAME as referencedTableName,REFERENCED_COLUMN_NAME as referencedColumnName FROM INFORMATION_SCHEMA.KEY_COLUMN_USAGE where TABLE_NAME = 'users' AND CONSTRAINT_NAME!='PRIMARY' AND CONSTRAINT_SCHEMA='MMORPG' AND REFERENCED_TABLE_NAME IS NOT NULL;
2025-11-24 10:33:32 [debug]: Executing (default): ALTER TABLE `users` CHANGE `username` `username` VARCHAR(255) NOT NULL UNIQUE;
2025-11-24 10:33:32 [debug]: Executing (default): ALTER TABLE `users` CHANGE `email` `email` VARCHAR(255) NOT NULL UNIQUE;
2025-11-24 10:33:32 [debug]: Executing (default): ALTER TABLE `users` CHANGE `passwordHash` `passwordHash` VARCHAR(255) NOT NULL;
2025-11-24 10:33:32 [debug]: Executing (default): ALTER TABLE `users` CHANGE `role` `role` ENUM('player', 'admin') NOT NULL DEFAULT 'player';
2025-11-24 10:33:32 [debug]: Executing (default): ALTER TABLE `users` CHANGE `avatar` `avatar` VARCHAR(255);
2025-11-24 10:33:32 [debug]: Executing (default): ALTER TABLE `users` CHANGE `bio` `bio` TEXT;
2025-11-24 10:33:32 [debug]: Executing (default): ALTER TABLE `users` CHANGE `dateInscription` `dateInscription` DATETIME NOT NULL;
2025-11-24 10:33:32 [debug]: Executing (default): ALTER TABLE `users` CHANGE `updatedAt` `updatedAt` DATETIME NOT NULL;
2025-11-24 10:33:32 [debug]: Executing (default): SHOW INDEX FROM `users`
2025-11-24 10:33:32 [debug]: Executing (default): SELECT TABLE_NAME FROM INFORMATION_SCHEMA.TABLES WHERE TABLE_TYPE = 'BASE TABLE' AND TABLE_NAME = 'maps' AND TABLE_SCHEMA = 'MMORPG'
2025-11-24 10:33:32 [debug]: Executing (default): CREATE TABLE IF NOT EXISTS `maps` (`id` INTEGER auto_increment , `name` VARCHAR(100) NOT NULL, `width` INTEGER NOT NULL, `height` INTEGER NOT NULL, `description` TEXT, `createdAt` DATETIME NOT NULL, `updatedAt` DATETIME NOT NULL, PRIMARY KEY (`id`)) ENGINE=InnoDB;
2025-11-24 10:33:32 [debug]: Executing (default): SHOW INDEX FROM `maps`
2025-11-24 10:33:32 [debug]: Executing (default): SELECT TABLE_NAME FROM INFORMATION_SCHEMA.TABLES WHERE TABLE_TYPE = 'BASE TABLE' AND TABLE_NAME = 'cases' AND TABLE_SCHEMA = 'MMORPG'
2025-11-24 10:33:32 [debug]: Executing (default): CREATE TABLE IF NOT EXISTS `cases` (`id` INTEGER auto_increment , `map_id` INTEGER NOT NULL, `x` INTEGER NOT NULL, `y` INTEGER NOT NULL, `terrain_type` VARCHAR(50) NOT NULL, `blocked` TINYINT(1) NOT NULL DEFAULT false, `options` JSON, `createdAt` DATETIME NOT NULL, `updatedAt` DATETIME NOT NULL, PRIMARY KEY (`id`), FOREIGN KEY (`map_id`) REFERENCES `maps` (`id`) ON DELETE CASCADE ON UPDATE CASCADE) ENGINE=InnoDB;
2025-11-24 10:33:32 [debug]: Executing (default): SHOW INDEX FROM `cases`
2025-11-24 10:33:32 [info]: ✅ Database synchronized successfully.
2025-11-24 10:33:32 [debug]: Executing (default): SELECT count(*) AS `count` FROM `users` AS `User`;
2025-11-24 10:33:32 [info]: No users found, skipping user seeding.
2025-11-24 10:33:32 [debug]: Executing (default): SELECT count(*) AS `count` FROM `maps` AS `Map`;
2025-11-24 10:33:32 [debug]: Executing (default): INSERT INTO `maps` (`id`,`name`,`width`,`height`,`description`,`createdAt`,`updatedAt`) VALUES (DEFAULT,?,?,?,?,?,?);
2025-11-24 10:33:32 [debug]: Executing (default): INSERT INTO `cases` (`id`,`map_id`,`x`,`y`,`terrain_type`,`blocked`,`createdAt`,`updatedAt`) VALUES (NULL,1,0,0,'plain',false,'2025-11-24 09:33:32','2025-11-24 09:33:32'),(NULL,1,0,1,'plain',false,'2025-11-24 09:33:32','2025-11-24 09:33:32'),(NULL,1,0,2,'plain',false,'2025-11-24 09:33:32','2025-11-24 09:33:32'),(NULL,1,0,3,'plain',false,'2025-11-24 09:33:32','2025-11-24 09:33:32'),(NULL,1,0,4,'plain',false,'2025-11-24 09:33:32','2025-11-24 09:33:32'),(NULL,1,0,5,'plain',false,'2025-11-24 09:33:32','2025-11-24 09:33:32'),(NULL,1,0,6,'plain',false,'2025-11-24 09:33:32','2025-11-24 09:33:32'),(NULL,1,0,7,'plain',false,'2025-11-24 09:33:32','2025-11-24 09:33:32'),(NULL,1,0,8,'plain',false,'2025-11-24 09:33:32','2025-11-24 09:33:32'),(NULL,1,0,9,'plain',false,'2025-11-24 09:33:32','2025-11-24 09:33:32'),(NULL,1,1,0,'plain',false,'2025-11-24 09:33:32','2025-11-24 09:33:32'),(NULL,1,1,1,'plain',false,'2025-11-24 09:33:32','2025-11-24 09:33:32'),(NULL,1,1,2,'plain',false,'2025-11-24 09:33:32','2025-11-24 09:33:32'),(NULL,1,1,3,'plain',false,'2025-11-24 09:33:32','2025-11-24 09:33:32'),(NULL,1,1,4,'plain',false,'2025-11-24 09:33:32','2025-11-24 09:33:32'),(NULL,1,1,5,'plain',false,'2025-11-24 09:33:32','2025-11-24 09:33:32'),(NULL,1,1,6,'plain',false,'2025-11-24 09:33:32','2025-11-24 09:33:32'),(NULL,1,1,7,'plain',false,'2025-11-24 09:33:32','2025-11-24 09:33:32'),(NULL,1,1,8,'plain',false,'2025-11-24 09:33:32','2025-11-24 09:33:32'),(NULL,1,1,9,'plain',false,'2025-11-24 09:33:32','2025-11-24 09:33:32'),(NULL,1,2,0,'plain',false,'2025-11-24 09:33:32','2025-11-24 09:33:32'),(NULL,1,2,1,'plain',false,'2025-11-24 09:33:32','2025-11-24 09:33:32'),(NULL,1,2,2,'plain',false,'2025-11-24 09:33:32','2025-11-24 09:33:32'),(NULL,1,2,3,'plain',false,'2025-11-24 09:33:32','2025-11-24 09:33:32'),(NULL,1,2,4,'plain',false,'2025-11-24 09:33:32','2025-11-24 09:33:32'),(NULL,1,2,5,'plain',false,'2025-11-24 09:33:32','2025-11-24 09:33:32'),(NULL,1,2,6,'plain',false,'2025-11-24 09:33:32','2025-11-24 09:33:32'),(NULL,1,2,7,'plain',false,'2025-11-24 09:33:32','2025-11-24 09:33:32'),(NULL,1,2,8,'plain',false,'2025-11-24 09:33:32','2025-11-24 09:33:32'),(NULL,1,2,9,'plain',false,'2025-11-24 09:33:32','2025-11-24 09:33:32'),(NULL,1,3,0,'plain',false,'2025-11-24 09:33:32','2025-11-24 09:33:32'),(NULL,1,3,1,'plain',false,'2025-11-24 09:33:32','2025-11-24 09:33:32'),(NULL,1,3,2,'plain',false,'2025-11-24 09:33:32','2025-11-24 09:33:32'),(NULL,1,3,3,'plain',false,'2025-11-24 09:33:32','2025-11-24 09:33:32'),(NULL,1,3,4,'plain',false,'2025-11-24 09:33:32','2025-11-24 09:33:32'),(NULL,1,3,5,'plain',false,'2025-11-24 09:33:32','2025-11-24 09:33:32'),(NULL,1,3,6,'plain',false,'2025-11-24 09:33:32','2025-11-24 09:33:32'),(NULL,1,3,7,'plain',false,'2025-11-24 09:33:32','2025-11-24 09:33:32'),(NULL,1,3,8,'plain',false,'2025-11-24 09:33:32','2025-11-24 09:33:32'),(NULL,1,3,9,'plain',false,'2025-11-24 09:33:32','2025-11-24 09:33:32'),(NULL,1,4,0,'plain',false,'2025-11-24 09:33:32','2025-11-24 09:33:32'),(NULL,1,4,1,'plain',false,'2025-11-24 09:33:32','2025-11-24 09:33:32'),(NULL,1,4,2,'plain',false,'2025-11-24 09:33:32','2025-11-24 09:33:32'),(NULL,1,4,3,'plain',false,'2025-11-24 09:33:32','2025-11-24 09:33:32'),(NULL,1,4,4,'plain',false,'2025-11-24 09:33:32','2025-11-24 09:33:32'),(NULL,1,4,5,'plain',false,'2025-11-24 09:33:32','2025-11-24 09:33:32'),(NULL,1,4,6,'plain',false,'2025-11-24 09:33:32','2025-11-24 09:33:32'),(NULL,1,4,7,'plain',false,'2025-11-24 09:33:32','2025-11-24 09:33:32'),(NULL,1,4,8,'plain',false,'2025-11-24 09:33:32','2025-11-24 09:33:32'),(NULL,1,4,9,'plain',false,'2025-11-24 09:33:32','2025-11-24 09:33:32'),(NULL,1,5,0,'plain',false,'2025-11-24 09:33:32','2025-11-24 09:33:32'),(NULL,1,5,1,'plain',false,'2025-11-24 09:33:32','2025-11-24 09:33:32'),(NULL,1,5,2,'plain',false,'2025-11-24 09:33:32','2025-11-24 09:33:32'),(NULL,1,5,3,'plain',false,'2025-11-24 09:33:32','2025-11-24 09:33:32'),(NULL,1,5,4,'plain',false,'2025-11-24 09:33:32','2025-11-24 09:33:32'),(NULL,1,5,5,'plain',false,'2025-11-24 09:33:32','2025-11-24 09:33:32'),(NULL,1,5,6,'plain',false,'2025-11-24 09:33:32','2025-11-24 09:33:32'),(NULL,1,5,7,'plain',false,'2025-11-24 09:33:32','2025-11-24 09:33:32'),(NULL,1,5,8,'plain',false,'2025-11-24 09:33:32','2025-11-24 09:33:32'),(NULL,1,5,9,'plain',false,'2025-11-24 09:33:32','2025-11-24 09:33:32'),(NULL,1,6,0,'plain',false,'2025-11-24 09:33:32','2025-11-24 09:33:32'),(NULL,1,6,1,'plain',false,'2025-11-24 09:33:32','2025-11-24 09:33:32'),(NULL,1,6,2,'plain',false,'2025-11-24 09:33:32','2025-11-24 09:33:32'),(NULL,1,6,3,'plain',false,'2025-11-24 09:33:32','2025-11-24 09:33:32'),(NULL,1,6,4,'plain',false,'2025-11-24 09:33:32','2025-11-24 09:33:32'),(NULL,1,6,5,'plain',false,'2025-11-24 09:33:32','2025-11-24 09:33:32'),(NULL,1,6,6,'plain',false,'2025-11-24 09:33:32','2025-11-24 09:33:32'),(NULL,1,6,7,'plain',false,'2025-11-24 09:33:32','2025-11-24 09:33:32'),(NULL,1,6,8,'plain',false,'2025-11-24 09:33:32','2025-11-24 09:33:32'),(NULL,1,6,9,'plain',false,'2025-11-24 09:33:32','2025-11-24 09:33:32'),(NULL,1,7,0,'plain',false,'2025-11-24 09:33:32','2025-11-24 09:33:32'),(NULL,1,7,1,'plain',false,'2025-11-24 09:33:32','2025-11-24 09:33:32'),(NULL,1,7,2,'plain',false,'2025-11-24 09:33:32','2025-11-24 09:33:32'),(NULL,1,7,3,'plain',false,'2025-11-24 09:33:32','2025-11-24 09:33:32'),(NULL,1,7,4,'plain',false,'2025-11-24 09:33:32','2025-11-24 09:33:32'),(NULL,1,7,5,'plain',false,'2025-11-24 09:33:32','2025-11-24 09:33:32'),(NULL,1,7,6,'plain',false,'2025-11-24 09:33:32','2025-11-24 09:33:32'),(NULL,1,7,7,'plain',false,'2025-11-24 09:33:32','2025-11-24 09:33:32'),(NULL,1,7,8,'plain',false,'2025-11-24 09:33:32','2025-11-24 09:33:32'),(NULL,1,7,9,'plain',false,'2025-11-24 09:33:32','2025-11-24 09:33:32'),(NULL,1,8,0,'plain',false,'2025-11-24 09:33:32','2025-11-24 09:33:32'),(NULL,1,8,1,'plain',false,'2025-11-24 09:33:32','2025-11-24 09:33:32'),(NULL,1,8,2,'plain',false,'2025-11-24 09:33:32','2025-11-24 09:33:32'),(NULL,1,8,3,'plain',false,'2025-11-24 09:33:32','2025-11-24 09:33:32'),(NULL,1,8,4,'plain',false,'2025-11-24 09:33:32','2025-11-24 09:33:32'),(NULL,1,8,5,'plain',false,'2025-11-24 09:33:32','2025-11-24 09:33:32'),(NULL,1,8,6,'plain',false,'2025-11-24 09:33:32','2025-11-24 09:33:32'),(NULL,1,8,7,'plain',false,'2025-11-24 09:33:32','2025-11-24 09:33:32'),(NULL,1,8,8,'plain',false,'2025-11-24 09:33:32','2025-11-24 09:33:32'),(NULL,1,8,9,'plain',false,'2025-11-24 09:33:32','2025-11-24 09:33:32'),(NULL,1,9,0,'plain',false,'2025-11-24 09:33:32','2025-11-24 09:33:32'),(NULL,1,9,1,'plain',false,'2025-11-24 09:33:32','2025-11-24 09:33:32'),(NULL,1,9,2,'plain',false,'2025-11-24 09:33:32','2025-11-24 09:33:32'),(NULL,1,9,3,'plain',false,'2025-11-24 09:33:32','2025-11-24 09:33:32'),(NULL,1,9,4,'plain',false,'2025-11-24 09:33:32','2025-11-24 09:33:32'),(NULL,1,9,5,'plain',false,'2025-11-24 09:33:32','2025-11-24 09:33:32'),(NULL,1,9,6,'plain',false,'2025-11-24 09:33:32','2025-11-24 09:33:32'),(NULL,1,9,7,'plain',false,'2025-11-24 09:33:32','2025-11-24 09:33:32'),(NULL,1,9,8,'plain',false,'2025-11-24 09:33:32','2025-11-24 09:33:32'),(NULL,1,9,9,'plain',false,'2025-11-24 09:33:32','2025-11-24 09:33:32');
2025-11-24 10:33:32 [info]: Map "Starter Zone" created with 100 cases
2025-11-24 10:33:32 [info]: 🚀 Server is running on port 3002
